0 info it worked if it ends with ok
1 verbose cli [ '/Users/stevee/Downloads/Ledr_Dashboard_Poc 2/.mvn/node/node',
1 verbose cli   '/Users/stevee/Downloads/Ledr_Dashboard_Poc 2/.mvn/node/node_modules/npm/bin/npm-cli.js',
1 verbose cli   'run',
1 verbose cli   'build' ]
2 info using npm@3.9.2
3 info using node@v7.2.0
4 verbose run-script [ 'prebuild', 'build', 'postbuild' ]
5 info lifecycle ledr-dashboard-poc-ui@0.1.0~prebuild: ledr-dashboard-poc-ui@0.1.0
6 silly lifecycle ledr-dashboard-poc-ui@0.1.0~prebuild: no script for prebuild, continuing
7 info lifecycle ledr-dashboard-poc-ui@0.1.0~build: ledr-dashboard-poc-ui@0.1.0
8 verbose lifecycle ledr-dashboard-poc-ui@0.1.0~build: unsafe-perm in lifecycle true
9 verbose lifecycle ledr-dashboard-poc-ui@0.1.0~build: PATH: /Users/stevee/Downloads/Ledr_Dashboard_Poc 2/.mvn/node/node_modules/npm/bin/node-gyp-bin:/Users/stevee/Downloads/Ledr_Dashboard_Poc 2/node_modules/.bin:/Users/stevee/Downloads/Ledr_Dashboard_Poc 2/.mvn/node:/Users/stevee/Downloads/Ledr_Dashboard_Poc 2/.mvn/node:/usr/local/bin:/usr/bin:/bin:/usr/sbin:/sbin:/Users/stevee/apache-maven-3.5.3/bin:
10 verbose lifecycle ledr-dashboard-poc-ui@0.1.0~build: CWD: /Users/stevee/Downloads/Ledr_Dashboard_Poc 2
11 silly lifecycle ledr-dashboard-poc-ui@0.1.0~build: Args: [ '-c', 'react-scripts build' ]
12 silly lifecycle ledr-dashboard-poc-ui@0.1.0~build: Returned: code: 1  signal: null
13 info lifecycle ledr-dashboard-poc-ui@0.1.0~build: Failed to exec build script
14 verbose stack Error: ledr-dashboard-poc-ui@0.1.0 build: `react-scripts build`
14 verbose stack Exit status 1
14 verbose stack     at EventEmitter.<anonymous> (/Users/stevee/Downloads/Ledr_Dashboard_Poc 2/.mvn/node/node_modules/npm/lib/utils/lifecycle.js:245:16)
14 verbose stack     at emitTwo (events.js:106:13)
14 verbose stack     at EventEmitter.emit (events.js:191:7)
14 verbose stack     at ChildProcess.<anonymous> (/Users/stevee/Downloads/Ledr_Dashboard_Poc 2/.mvn/node/node_modules/npm/lib/utils/spawn.js:24:14)
14 verbose stack     at emitTwo (events.js:106:13)
14 verbose stack     at ChildProcess.emit (events.js:191:7)
14 verbose stack     at maybeClose (internal/child_process.js:885:16)
14 verbose stack     at Process.ChildProcess._handle.onexit (internal/child_process.js:226:5)
15 verbose pkgid ledr-dashboard-poc-ui@0.1.0
16 verbose cwd /Users/stevee/Downloads/Ledr_Dashboard_Poc 2/src/main/app
17 error Darwin 17.5.0
18 error argv "/Users/stevee/Downloads/Ledr_Dashboard_Poc 2/.mvn/node/node" "/Users/stevee/Downloads/Ledr_Dashboard_Poc 2/.mvn/node/node_modules/npm/bin/npm-cli.js" "run" "build"
19 error node v7.2.0
20 error npm  v3.9.2
21 error code ELIFECYCLE
22 error ledr-dashboard-poc-ui@0.1.0 build: `react-scripts build`
22 error Exit status 1
23 error Failed at the ledr-dashboard-poc-ui@0.1.0 build script 'react-scripts build'.
23 error Make sure you have the latest version of node.js and npm installed.
23 error If you do, this is most likely a problem with the ledr-dashboard-poc-ui package,
23 error not with npm itself.
23 error Tell the author that this fails on your system:
23 error     react-scripts build
23 error You can get information on how to open an issue for this project with:
23 error     npm bugs ledr-dashboard-poc-ui
23 error Or if that isn't available, you can get their info via:
23 error     npm owner ls ledr-dashboard-poc-ui
23 error There is likely additional logging output above.
24 verbose exit [ 1, true ]
